<?xml version="1.0" encoding="UTF-8"?>
<testsuite name="ohtuesimerkki.StatisticTest" tests="4" skipped="0" failures="0" errors="0" timestamp="2020-05-01T11:59:21" hostname="Porkkana" time="0.006">
  <properties/>
  <testcase name="findsTeam" classname="ohtuesimerkki.StatisticTest" time="0.002"/>
  <testcase name="nonexistingPlayerReturnsNull" classname="ohtuesimerkki.StatisticTest" time="0.0"/>
  <testcase name="topScorers" classname="ohtuesimerkki.StatisticTest" time="0.0"/>
  <testcase name="findsExistingPlayer" classname="ohtuesimerkki.StatisticTest" time="0.0"/>
  <system-out><![CDATA[]]></system-out>
  <system-err><![CDATA[]]></system-err>
</testsuite>
